<?xml version="1.0" encoding="UTF-8"?>
<!-- Generated by org.testng.reporters.JUnitReportReporter -->
<testsuite hostname="DESKTOP-1PLAJR2" failures="0" tests="3" name="BlazeDemoTestCase1.BlazeDemoTest" time="29.506" errors="0" timestamp="2022-05-24T21:55:59 IST" skipped="0">
  <testcase classname="BlazeDemoTestCase1.BlazeDemoTest" name="launchurltest" time="13.369"/>
  <system-out/>
  <testcase classname="BlazeDemoTestCase1.BlazeDemoTest" name="logintest" time="8.462"/>
  <system-out/>
  <testcase classname="BlazeDemoTestCase1.BlazeDemoTest" name="formtest" time="7.675"/>
  <system-out/>
</testsuite> <!-- BlazeDemoTestCase1.BlazeDemoTest -->
